<?xml version="1.0" encoding="UTF-8"?>
<!-- Generated by org.testng.reporters.JUnitReportReporter -->
<testsuite name="Test.ClientLogin" tests="6" time="121.346" ignored="0" failures="0" timestamp="06 Feb 2022 18:44:35 GMT" skipped="0" hostname="DESKTOP-0J70AHP" errors="0">
  <testcase name="verifyloginpagetitle" time="0.142" classname="Test.ClientLogin"/>
  <testcase name="Remembermecheckbox" time="0.288" classname="Test.ClientLogin"/>
  <testcase name="verifyforgotpasswordurl" time="0.016" classname="Test.ClientLogin"/>
  <testcase name="checkpopup" time="0.167" classname="Test.ClientLogin"/>
  <testcase name="Login" time="116.108" classname="Test.ClientLogin"/>
  <testcase name="loginwithinvalidcredentials" time="4.625" classname="Test.ClientLogin"/>
</testsuite> <!-- Test.ClientLogin -->
