<?xml version="1.0" encoding="UTF-8"?>
<!-- Generated by org.testng.reporters.JUnitReportReporter -->
<testsuite name="Test.homepageTest" tests="5" time="35.244" ignored="0" failures="0" timestamp="06 Feb 2022 18:44:35 GMT" skipped="0" hostname="DESKTOP-0J70AHP" errors="0">
  <testcase name="Checkboxsearch" time="1.372" classname="Test.homepageTest"/>
  <testcase name="Login" time="32.812" classname="Test.homepageTest"/>
  <testcase name="verifylogo" time="0.796" classname="Test.homepageTest"/>
  <testcase name="verifyDateDisplayedInHomePage" time="0.200" classname="Test.homepageTest"/>
  <testcase name="currenturl" time="0.064" classname="Test.homepageTest"/>
</testsuite> <!-- Test.homepageTest -->
