<?xml version="1.0" encoding="UTF-8"?>
<!-- Generated by org.testng.reporters.JUnitReportReporter -->
<testsuite name="Test.LeadTest" tests="4" time="44.505" ignored="0" failures="0" timestamp="06 Feb 2022 18:44:35 GMT" skipped="0" hostname="DESKTOP-0J70AHP" errors="0">
  <testcase name="leadpagetitle" time="33.787" classname="Test.LeadTest"/>
  <testcase name="leadpageurl" time="0.016" classname="Test.LeadTest"/>
  <testcase name="editdatae" time="9.128" classname="Test.LeadTest"/>
  <testcase name="deletedata" time="1.574" classname="Test.LeadTest"/>
</testsuite> <!-- Test.LeadTest -->
