<?xml version="1.0" encoding="UTF-8"?>
<!-- Generated by org.testng.reporters.JUnitReportReporter -->
<testsuite name="Test.ViewclientTest" tests="2" time="33.293" ignored="0" failures="0" timestamp="06 Feb 2022 18:44:35 GMT" skipped="0" hostname="DESKTOP-0J70AHP" errors="0">
  <testcase name="Login" time="33.293" classname="Test.ViewclientTest"/>
  <testcase name="viewdetails" time="0.000" classname="Test.ViewclientTest"/>
</testsuite> <!-- Test.ViewclientTest -->
