<?xml version="1.0" encoding="UTF-8"?>
<!-- Generated by org.testng.reporters.JUnitReportReporter -->
<testsuite name="Test.Leadest" tests="1" time="29.820" ignored="0" failures="0" timestamp="05 Feb 2022 10:48:58 GMT" skipped="0" hostname="DESKTOP-0J70AHP" errors="0">
  <testcase name="leadpagetitle" time="29.820" classname="Test.Leadest"/>
</testsuite> <!-- Test.Leadest -->
