<?xml version="1.0" encoding="UTF-8"?>
<!-- Generated by org.testng.reporters.JUnitReportReporter -->
<testsuite name="Test.ForgotpasswordTest" tests="1" time="4.341" ignored="0" failures="0" timestamp="06 Feb 2022 18:44:35 GMT" skipped="0" hostname="DESKTOP-0J70AHP" errors="0">
  <testcase name="forgotpasswordtest" time="4.341" classname="Test.ForgotpasswordTest"/>
</testsuite> <!-- Test.ForgotpasswordTest -->
