<?xml version="1.0" encoding="UTF-8"?>
<!-- Generated by org.testng.reporters.JUnitReportReporter -->
<testsuite name="Test.LogoutTest" tests="1" time="28.838" ignored="0" failures="0" timestamp="06 Feb 2022 18:44:35 GMT" skipped="0" hostname="DESKTOP-0J70AHP" errors="0">
  <testcase name="verifylogo" time="28.838" classname="Test.LogoutTest"/>
</testsuite> <!-- Test.LogoutTest -->
